<?xml version="1.0" encoding="UTF-8"?>
<!-- Generated by org.testng.reporters.JUnitReportReporter -->
<testsuite hostname="DESKTOP-B65G34H" failures="0" tests="1" name="test1.Hometst" time="11.073" errors="0" timestamp="2023-07-07T16:42:30 IST" skipped="0">
  <testcase classname="test1.Hometst" name="testhome" time="11.073"/>
</testsuite> <!-- test1.Hometst -->
