<?xml version="1.0" encoding="UTF-8"?>
<!-- Generated by org.testng.reporters.JUnitReportReporter -->
<testsuite hostname="DESKTOP-B65G34H" failures="0" tests="1" name="test1.Carttst" time="21.415" errors="0" timestamp="2023-07-07T16:46:14 IST" skipped="0">
  <testcase classname="test1.Carttst" name="testcart" time="21.415"/>
</testsuite> <!-- test1.Carttst -->
