<?xml version="1.0" encoding="UTF-8"?>
<!-- Generated by org.testng.reporters.JUnitReportReporter -->
<testsuite hostname="DESKTOP-B65G34H" failures="0" tests="1" name="test1.Wishtst" time="12.340" errors="0" timestamp="2023-07-07T16:44:40 IST" skipped="0">
  <testcase classname="test1.Wishtst" name="testwish" time="12.340"/>
</testsuite> <!-- test1.Wishtst -->
