<?xml version="1.0" encoding="UTF-8"?>
<!-- Generated by org.testng.reporters.JUnitReportReporter -->
<testsuite hostname="DESKTOP-B65G34H" failures="0" tests="1" name="test1.Logintst" time="7.823" errors="0" timestamp="2023-07-07T15:00:00 IST" skipped="0">
  <testcase classname="test1.Logintst" name="testlogin" time="7.823"/>
</testsuite> <!-- test1.Logintst -->
